  [1m[36m (12.2ms)[0m  [1mCREATE TABLE "schema_migrations" ("version" varchar NOT NULL) [0m
  [1m[35m (0.1ms)[0m  select sqlite_version(*)
  [1m[36m (10.0ms)[0m  [1mCREATE UNIQUE INDEX "unique_schema_migrations" ON "schema_migrations" ("version")[0m
  [1m[35mActiveRecord::SchemaMigration Load (0.3ms)[0m  SELECT "schema_migrations".* FROM "schema_migrations"
Migrating to CreateDb (20181024063700)
  [1m[36m (0.1ms)[0m  [1mbegin transaction[0m
  [1m[35m (0.4ms)[0m  CREATE TABLE "employees" ("id" INTEGER PRIMARY KEY AUTOINCREMENT NOT NULL, "address" varchar, "first_name" varchar, "last_name" varchar, "phone_number" varchar, "employee_type" varchar, "driver_id" varchar, "dob" datetime) 
  [1m[36m (0.2ms)[0m  [1mCREATE TABLE "shifts" ("id" INTEGER PRIMARY KEY AUTOINCREMENT NOT NULL, "emp_id" varchar, "day" varchar, "shift_type" varchar, "time" varchar) [0m
  [1m[35m (0.3ms)[0m  CREATE TABLE "requests" ("id" INTEGER PRIMARY KEY AUTOINCREMENT NOT NULL, "emp_sender_id" varchar, "emp_receiver_id" varchar, "shift_id" varchar, "comment" text) 
  [1m[36mSQL (0.2ms)[0m  [1mINSERT INTO "schema_migrations" ("version") VALUES (?)[0m  [["version", "20181024063700"]]
  [1m[35m (10.9ms)[0m  commit transaction
  [1m[36mActiveRecord::SchemaMigration Load (0.1ms)[0m  [1mSELECT "schema_migrations".* FROM "schema_migrations"[0m
  [1m[36m (0.1ms)[0m  [1mbegin transaction[0m
  [1m[35mSQL (0.5ms)[0m  INSERT INTO "employees" ("address", "first_name", "last_name", "phone_number", "employee_type", "driver_id", "dob") VALUES (?, ?, ?, ?, ?, ?, ?)  [["address", "123 Main St"], ["first_name", "Josh"], ["last_name", "Colstrum"], ["phone_number", "507-333-3333"], ["employee_type", "driver"], ["driver_id", "M3958938428"], ["dob", "1995-12-17 00:00:00.000000"]]
  [1m[36m (11.6ms)[0m  [1mcommit transaction[0m
  [1m[35m (0.1ms)[0m  begin transaction
  [1m[36mSQL (0.4ms)[0m  [1mINSERT INTO "shifts" ("emp_id", "day", "shift_type", "time") VALUES (?, ?, ?, ?)[0m  [["emp_id", "1"], ["day", "Monday"], ["shift_type", "driver"], ["time", "lunch"]]
  [1m[35m (11.2ms)[0m  commit transaction
  [1m[36mEmployee Load (0.4ms)[0m  [1mSELECT "employees".* FROM "employees"[0m
  [1m[35mShift Load (0.4ms)[0m  SELECT "shifts".* FROM "shifts"
